{"/home/vigram/Documents/Battleship/src/main.js": {"path":"/home/vigram/Documents/Battleship/src/main.js","all":false,"statementMap":{"0":{"start":{"line":1,"column":0},"end":{"line":1,"column":28}},"1":{"start":{"line":2,"column":0},"end":{"line":2,"column":18}},"2":{"start":{"line":3,"column":0},"end":{"line":3,"column":12}},"3":{"start":{"line":4,"column":0},"end":{"line":4,"column":19}},"4":{"start":{"line":5,"column":0},"end":{"line":5,"column":23}},"5":{"start":{"line":6,"column":0},"end":{"line":6,"column":20}},"6":{"start":{"line":7,"column":0},"end":{"line":7,"column":51}},"7":{"start":{"line":8,"column":0},"end":{"line":8,"column":26}},"8":{"start":{"line":9,"column":0},"end":{"line":9,"column":10}},"9":{"start":{"line":10,"column":0},"end":{"line":10,"column":23}},"10":{"start":{"line":11,"column":0},"end":{"line":11,"column":52}},"11":{"start":{"line":12,"column":0},"end":{"line":12,"column":10}},"12":{"start":{"line":13,"column":0},"end":{"line":13,"column":5}},"13":{"start":{"line":14,"column":0},"end":{"line":14,"column":1}},"14":{"start":{"line":15,"column":0},"end":{"line":15,"column":0}},"15":{"start":{"line":16,"column":0},"end":{"line":16,"column":22}},"16":{"start":{"line":17,"column":0},"end":{"line":17,"column":22}},"17":{"start":{"line":18,"column":0},"end":{"line":18,"column":74}},"18":{"start":{"line":19,"column":0},"end":{"line":19,"column":37}},"19":{"start":{"line":20,"column":0},"end":{"line":20,"column":43}},"20":{"start":{"line":21,"column":0},"end":{"line":21,"column":37}},"21":{"start":{"line":22,"column":0},"end":{"line":22,"column":41}},"22":{"start":{"line":23,"column":0},"end":{"line":23,"column":41}},"23":{"start":{"line":24,"column":0},"end":{"line":24,"column":29}},"24":{"start":{"line":25,"column":0},"end":{"line":25,"column":0}},"25":{"start":{"line":26,"column":0},"end":{"line":26,"column":12}},"26":{"start":{"line":27,"column":0},"end":{"line":27,"column":68}},"27":{"start":{"line":28,"column":0},"end":{"line":28,"column":29}},"28":{"start":{"line":29,"column":0},"end":{"line":29,"column":36}},"29":{"start":{"line":30,"column":0},"end":{"line":30,"column":55}},"30":{"start":{"line":31,"column":0},"end":{"line":31,"column":38}},"31":{"start":{"line":32,"column":0},"end":{"line":32,"column":65}},"32":{"start":{"line":33,"column":0},"end":{"line":33,"column":51}},"33":{"start":{"line":34,"column":0},"end":{"line":34,"column":73}},"34":{"start":{"line":35,"column":0},"end":{"line":35,"column":33}},"35":{"start":{"line":36,"column":0},"end":{"line":36,"column":35}},"36":{"start":{"line":37,"column":0},"end":{"line":37,"column":26}},"37":{"start":{"line":38,"column":0},"end":{"line":38,"column":17}},"38":{"start":{"line":39,"column":0},"end":{"line":39,"column":13}},"39":{"start":{"line":40,"column":0},"end":{"line":40,"column":28}},"40":{"start":{"line":41,"column":0},"end":{"line":41,"column":10}},"41":{"start":{"line":42,"column":0},"end":{"line":42,"column":32}},"42":{"start":{"line":43,"column":0},"end":{"line":43,"column":31}},"43":{"start":{"line":44,"column":0},"end":{"line":44,"column":30}},"44":{"start":{"line":45,"column":0},"end":{"line":45,"column":5}},"45":{"start":{"line":46,"column":0},"end":{"line":46,"column":1}},"46":{"start":{"line":47,"column":0},"end":{"line":47,"column":0}},"47":{"start":{"line":48,"column":0},"end":{"line":48,"column":22}},"48":{"start":{"line":49,"column":0},"end":{"line":49,"column":0}},"49":{"start":{"line":50,"column":0},"end":{"line":50,"column":34}},"50":{"start":{"line":51,"column":0},"end":{"line":51,"column":0}},"51":{"start":{"line":52,"column":0},"end":{"line":52,"column":0}},"52":{"start":{"line":53,"column":0},"end":{"line":53,"column":18}},"53":{"start":{"line":54,"column":0},"end":{"line":54,"column":15}},"54":{"start":{"line":55,"column":0},"end":{"line":55,"column":25}},"55":{"start":{"line":56,"column":0},"end":{"line":56,"column":1}}},"s":{"0":13,"1":13,"2":13,"3":13,"4":13,"5":13,"6":8,"7":2,"8":13,"9":13,"10":2,"11":2,"12":13,"13":13,"14":1,"15":2,"16":2,"17":2,"18":2,"19":2,"20":2,"21":2,"22":2,"23":2,"24":2,"25":2,"26":2,"27":2,"28":2,"29":2,"30":20,"31":20,"32":200,"33":200,"34":200,"35":200,"36":200,"37":200,"38":20,"39":2,"40":2,"41":2,"42":2,"43":2,"44":2,"45":2,"46":1,"47":1,"48":1,"49":1,"50":1,"51":1,"52":1,"53":1,"54":1,"55":1},"branchMap":{"0":{"type":"branch","line":1,"loc":{"start":{"line":1,"column":0},"end":{"line":14,"column":1}},"locations":[{"start":{"line":1,"column":0},"end":{"line":14,"column":1}}]},"1":{"type":"branch","line":6,"loc":{"start":{"line":6,"column":13},"end":{"line":9,"column":9}},"locations":[{"start":{"line":6,"column":13},"end":{"line":9,"column":9}}]},"2":{"type":"branch","line":7,"loc":{"start":{"line":7,"column":35},"end":{"line":7,"column":51}},"locations":[{"start":{"line":7,"column":35},"end":{"line":7,"column":51}}]},"3":{"type":"branch","line":7,"loc":{"start":{"line":7,"column":50},"end":{"line":9,"column":9}},"locations":[{"start":{"line":7,"column":50},"end":{"line":9,"column":9}}]},"4":{"type":"branch","line":10,"loc":{"start":{"line":10,"column":16},"end":{"line":12,"column":10}},"locations":[{"start":{"line":10,"column":16},"end":{"line":12,"column":10}}]},"5":{"type":"branch","line":11,"loc":{"start":{"line":11,"column":36},"end":{"line":11,"column":43}},"locations":[{"start":{"line":11,"column":36},"end":{"line":11,"column":43}}]},"6":{"type":"branch","line":11,"loc":{"start":{"line":11,"column":43},"end":{"line":11,"column":51}},"locations":[{"start":{"line":11,"column":43},"end":{"line":11,"column":51}}]},"7":{"type":"branch","line":16,"loc":{"start":{"line":16,"column":0},"end":{"line":46,"column":1}},"locations":[{"start":{"line":16,"column":0},"end":{"line":46,"column":1}}]},"8":{"type":"branch","line":29,"loc":{"start":{"line":29,"column":18},"end":{"line":41,"column":9}},"locations":[{"start":{"line":29,"column":18},"end":{"line":41,"column":9}}]},"9":{"type":"branch","line":30,"loc":{"start":{"line":30,"column":54},"end":{"line":39,"column":13}},"locations":[{"start":{"line":30,"column":54},"end":{"line":39,"column":13}}]},"10":{"type":"branch","line":32,"loc":{"start":{"line":32,"column":64},"end":{"line":38,"column":17}},"locations":[{"start":{"line":32,"column":64},"end":{"line":38,"column":17}}]}},"b":{"0":[13],"1":[8],"2":[6],"3":[2],"4":[2],"5":[1],"6":[1],"7":[2],"8":[2],"9":[20],"10":[200]},"fnMap":{"0":{"name":"ship","decl":{"start":{"line":1,"column":0},"end":{"line":14,"column":1}},"loc":{"start":{"line":1,"column":0},"end":{"line":14,"column":1}},"line":1},"1":{"name":"hit","decl":{"start":{"line":6,"column":13},"end":{"line":9,"column":9}},"loc":{"start":{"line":6,"column":13},"end":{"line":9,"column":9}},"line":6},"2":{"name":"isSunk","decl":{"start":{"line":10,"column":16},"end":{"line":12,"column":10}},"loc":{"start":{"line":10,"column":16},"end":{"line":12,"column":10}},"line":10},"3":{"name":"gameBoard","decl":{"start":{"line":16,"column":0},"end":{"line":46,"column":1}},"loc":{"start":{"line":16,"column":0},"end":{"line":46,"column":1}},"line":16},"4":{"name":"placeShips","decl":{"start":{"line":28,"column":20},"end":{"line":28,"column":28}},"loc":{"start":{"line":28,"column":20},"end":{"line":28,"column":28}},"line":28},"5":{"name":"setBoard","decl":{"start":{"line":29,"column":18},"end":{"line":41,"column":9}},"loc":{"start":{"line":29,"column":18},"end":{"line":41,"column":9}},"line":29},"6":{"name":"receiveAttack","decl":{"start":{"line":42,"column":23},"end":{"line":42,"column":31}},"loc":{"start":{"line":42,"column":23},"end":{"line":42,"column":31}},"line":42},"7":{"name":"missedAttack","decl":{"start":{"line":43,"column":22},"end":{"line":43,"column":30}},"loc":{"start":{"line":43,"column":22},"end":{"line":43,"column":30}},"line":43},"8":{"name":"allShipSunk","decl":{"start":{"line":44,"column":21},"end":{"line":44,"column":30}},"loc":{"start":{"line":44,"column":21},"end":{"line":44,"column":30}},"line":44}},"f":{"0":13,"1":8,"2":2,"3":2,"4":0,"5":2,"6":0,"7":0,"8":0}}
}
