{"/home/vigram/Documents/Battleship/src/main.js": {"path":"/home/vigram/Documents/Battleship/src/main.js","all":false,"statementMap":{"0":{"start":{"line":1,"column":0},"end":{"line":1,"column":28}},"1":{"start":{"line":2,"column":0},"end":{"line":2,"column":18}},"2":{"start":{"line":3,"column":0},"end":{"line":3,"column":12}},"3":{"start":{"line":4,"column":0},"end":{"line":4,"column":19}},"4":{"start":{"line":5,"column":0},"end":{"line":5,"column":23}},"5":{"start":{"line":6,"column":0},"end":{"line":6,"column":20}},"6":{"start":{"line":7,"column":0},"end":{"line":7,"column":51}},"7":{"start":{"line":8,"column":0},"end":{"line":8,"column":26}},"8":{"start":{"line":9,"column":0},"end":{"line":9,"column":10}},"9":{"start":{"line":10,"column":0},"end":{"line":10,"column":23}},"10":{"start":{"line":11,"column":0},"end":{"line":11,"column":52}},"11":{"start":{"line":12,"column":0},"end":{"line":12,"column":10}},"12":{"start":{"line":13,"column":0},"end":{"line":13,"column":5}},"13":{"start":{"line":14,"column":0},"end":{"line":14,"column":1}},"14":{"start":{"line":15,"column":0},"end":{"line":15,"column":0}},"15":{"start":{"line":16,"column":0},"end":{"line":16,"column":18}},"16":{"start":{"line":17,"column":0},"end":{"line":17,"column":15}},"17":{"start":{"line":18,"column":0},"end":{"line":18,"column":1}}},"s":{"0":3,"1":3,"2":3,"3":3,"4":3,"5":3,"6":8,"7":2,"8":3,"9":3,"10":0,"11":0,"12":3,"13":3,"14":1,"15":1,"16":1,"17":1},"branchMap":{"0":{"type":"branch","line":1,"loc":{"start":{"line":1,"column":0},"end":{"line":14,"column":1}},"locations":[{"start":{"line":1,"column":0},"end":{"line":14,"column":1}}]},"1":{"type":"branch","line":6,"loc":{"start":{"line":6,"column":13},"end":{"line":9,"column":9}},"locations":[{"start":{"line":6,"column":13},"end":{"line":9,"column":9}}]},"2":{"type":"branch","line":7,"loc":{"start":{"line":7,"column":35},"end":{"line":7,"column":51}},"locations":[{"start":{"line":7,"column":35},"end":{"line":7,"column":51}}]},"3":{"type":"branch","line":7,"loc":{"start":{"line":7,"column":50},"end":{"line":9,"column":9}},"locations":[{"start":{"line":7,"column":50},"end":{"line":9,"column":9}}]}},"b":{"0":[3],"1":[8],"2":[6],"3":[2]},"fnMap":{"0":{"name":"ship","decl":{"start":{"line":1,"column":0},"end":{"line":14,"column":1}},"loc":{"start":{"line":1,"column":0},"end":{"line":14,"column":1}},"line":1},"1":{"name":"hit","decl":{"start":{"line":6,"column":13},"end":{"line":9,"column":9}},"loc":{"start":{"line":6,"column":13},"end":{"line":9,"column":9}},"line":6},"2":{"name":"isSunk","decl":{"start":{"line":10,"column":16},"end":{"line":12,"column":10}},"loc":{"start":{"line":10,"column":16},"end":{"line":12,"column":10}},"line":10}},"f":{"0":3,"1":8,"2":0}}
}
