TN:
SF:src/main.js
FN:1,ship
FN:6,hit
FN:10,isSunk
FN:16,gameBoard
FN:28,placeShips
FN:29,setBoard
FN:42,receiveAttack
FN:43,missedAttack
FN:44,allShipSunk
FNF:9
FNH:5
FNDA:13,ship
FNDA:8,hit
FNDA:2,isSunk
FNDA:2,gameBoard
FNDA:0,placeShips
FNDA:2,setBoard
FNDA:0,receiveAttack
FNDA:0,missedAttack
FNDA:0,allShipSunk
DA:1,13
DA:2,13
DA:3,13
DA:4,13
DA:5,13
DA:6,13
DA:7,8
DA:8,2
DA:9,13
DA:10,13
DA:11,2
DA:12,2
DA:13,13
DA:14,13
DA:15,1
DA:16,2
DA:17,2
DA:18,2
DA:19,2
DA:20,2
DA:21,2
DA:22,2
DA:23,2
DA:24,2
DA:25,2
DA:26,2
DA:27,2
DA:28,2
DA:29,2
DA:30,2
DA:31,20
DA:32,20
DA:33,200
DA:34,200
DA:35,200
DA:36,200
DA:37,200
DA:38,200
DA:39,20
DA:40,2
DA:41,2
DA:42,2
DA:43,2
DA:44,2
DA:45,2
DA:46,2
DA:47,1
DA:48,1
DA:49,1
DA:50,1
DA:51,1
DA:52,1
DA:53,1
DA:54,1
DA:55,1
DA:56,1
LF:56
LH:56
BRDA:1,0,0,13
BRDA:6,1,0,8
BRDA:7,2,0,6
BRDA:7,3,0,2
BRDA:10,4,0,2
BRDA:11,5,0,1
BRDA:11,6,0,1
BRDA:16,7,0,2
BRDA:29,8,0,2
BRDA:30,9,0,20
BRDA:32,10,0,200
BRF:11
BRH:11
end_of_record
